[03:58:15] [main/INFO]: Loading Minecraft 1.20.1 with Fabric Loader 0.15.11
[03:58:15] [main/INFO]: Loading 4 mods:
	- fabricloader 0.15.11
	   \-- mixinextras 0.3.5
	- java 17
	- minecraft 1.20.1
[03:58:15] [main/INFO]: SpongePowered MIXIN Subsystem Version=0.8.5 Source=file:/workspaces/cobble/servidor_minecraft/libraries/net/fabricmc/sponge-mixin/0.13.3+mixin.0.8.5/sponge-mixin-0.13.3+mixin.0.8.5.jar Service=Knot/Fabric Env=SERVER
[03:58:21] [main/INFO]: Environment: authHost='https://authserver.mojang.com', accountsHost='https://api.mojang.com', sessionHost='https://sessionserver.mojang.com', servicesHost='https://api.minecraftservices.com', name='PROD'
[03:58:22] [main/INFO]: Loaded 7 recipes
[03:58:22] [main/INFO]: Loaded 1271 advancements
[03:58:23] [Server thread/INFO]: Starting minecraft server version 1.20.1
[03:58:23] [Server thread/INFO]: Loading properties
[03:58:23] [Server thread/INFO]: Default game type: SURVIVAL
[03:58:23] [Server thread/INFO]: Generating keypair
[03:58:23] [Server thread/INFO]: Starting Minecraft server on *:25565
[03:58:23] [Server thread/INFO]: Using epoll channel type
[03:58:23] [Server thread/WARN]: **** SERVER IS RUNNING IN OFFLINE/INSECURE MODE!
[03:58:23] [Server thread/WARN]: The server will make no attempt to authenticate usernames. Beware.
[03:58:23] [Server thread/WARN]: While this makes the game possible to play without internet access, it also opens up the ability for hackers to connect with any username they choose.
[03:58:23] [Server thread/WARN]: To change this, set "online-mode" to "true" in the server.properties file.
[03:58:23] [Server thread/INFO]: Preparing level "world"
[03:58:29] [Server thread/INFO]: Preparing start region for dimension minecraft:overworld
[03:58:29] [Worker-Main-2/INFO]: Preparing spawn area: 0%
[03:58:29] [Worker-Main-1/INFO]: Preparing spawn area: 0%
[03:58:30] [Worker-Main-3/INFO]: Preparing spawn area: 0%
[03:58:30] [Worker-Main-3/INFO]: Preparing spawn area: 0%
[03:58:31] [Worker-Main-2/INFO]: Preparing spawn area: 0%
[03:58:31] [Worker-Main-1/INFO]: Preparing spawn area: 1%
[03:58:32] [Worker-Main-1/INFO]: Preparing spawn area: 1%
[03:58:32] [Worker-Main-1/INFO]: Preparing spawn area: 3%
[03:58:33] [Worker-Main-3/INFO]: Preparing spawn area: 4%
[03:58:33] [Worker-Main-1/INFO]: Preparing spawn area: 4%
[03:58:34] [Worker-Main-2/INFO]: Preparing spawn area: 6%
[03:58:34] [Worker-Main-1/INFO]: Preparing spawn area: 9%
[03:58:35] [Worker-Main-3/INFO]: Preparing spawn area: 9%
[03:58:35] [Worker-Main-1/INFO]: Preparing spawn area: 10%
[03:58:36] [Worker-Main-2/INFO]: Preparing spawn area: 13%
[03:58:36] [Worker-Main-2/INFO]: Preparing spawn area: 15%
[03:58:37] [Worker-Main-1/INFO]: Preparing spawn area: 16%
[03:58:37] [Worker-Main-2/INFO]: Preparing spawn area: 19%
[03:58:38] [Worker-Main-2/INFO]: Preparing spawn area: 21%
[03:58:38] [Worker-Main-1/INFO]: Preparing spawn area: 24%
[03:58:39] [Worker-Main-3/INFO]: Preparing spawn area: 26%
[03:58:39] [Worker-Main-2/INFO]: Preparing spawn area: 28%
[03:58:40] [Worker-Main-2/INFO]: Preparing spawn area: 31%
[03:58:40] [Worker-Main-3/INFO]: Preparing spawn area: 33%
[03:58:41] [Worker-Main-2/INFO]: Preparing spawn area: 36%
[03:58:41] [Worker-Main-1/INFO]: Preparing spawn area: 39%
[03:58:42] [Worker-Main-2/INFO]: Preparing spawn area: 42%
[03:58:42] [Worker-Main-2/INFO]: Preparing spawn area: 45%
[03:58:43] [Worker-Main-2/INFO]: Preparing spawn area: 46%
[03:58:43] [Worker-Main-3/INFO]: Preparing spawn area: 49%
[03:58:44] [Worker-Main-2/INFO]: Preparing spawn area: 53%
[03:58:44] [Worker-Main-1/INFO]: Preparing spawn area: 55%
[03:58:45] [Worker-Main-1/INFO]: Preparing spawn area: 57%
[03:58:45] [Worker-Main-3/INFO]: Preparing spawn area: 60%
[03:58:46] [Worker-Main-1/INFO]: Preparing spawn area: 64%
[03:58:46] [Worker-Main-3/INFO]: Preparing spawn area: 68%
[03:58:47] [Worker-Main-3/INFO]: Preparing spawn area: 69%
[03:58:47] [Worker-Main-1/INFO]: Preparing spawn area: 72%
[03:58:48] [Worker-Main-1/INFO]: Preparing spawn area: 75%
[03:58:48] [Worker-Main-2/INFO]: Preparing spawn area: 80%
[03:58:49] [Worker-Main-1/INFO]: Preparing spawn area: 83%
[03:58:49] [Worker-Main-3/INFO]: Preparing spawn area: 85%
[03:58:50] [Worker-Main-3/INFO]: Preparing spawn area: 88%
[03:58:50] [Worker-Main-2/INFO]: Preparing spawn area: 91%
[03:58:51] [Worker-Main-2/INFO]: Preparing spawn area: 96%
[03:58:51] [Worker-Main-1/INFO]: Preparing spawn area: 99%
[03:58:51] [Server thread/INFO]: Time elapsed: 22561 ms
[03:58:51] [Server thread/INFO]: Done (28.298s)! For help, type "help"
[03:58:51] [Server thread/INFO]: Unknown or incomplete command, see below for error
[03:58:51] [Server thread/INFO]: home/codespace/.python/current/bin/python3 /workspaces/cobble/msx.py<--[HERE]
[03:59:56] [Server thread/INFO]: Stopping the server
[03:59:56] [Server thread/INFO]: Stopping server
[03:59:56] [Server thread/INFO]: Saving players
[03:59:56] [Server thread/INFO]: Saving worlds
[03:59:57] [Server thread/INFO]: Saving chunks for level 'ServerLevel[world]'/minecraft:overworld
[03:59:58] [Server thread/INFO]: Saving chunks for level 'ServerLevel[world]'/minecraft:the_end
[03:59:58] [Server thread/INFO]: Saving chunks for level 'ServerLevel[world]'/minecraft:the_nether
[03:59:58] [Server thread/INFO]: ThreadedAnvilChunkStorage (world): All chunks are saved
[03:59:58] [Server thread/INFO]: ThreadedAnvilChunkStorage (DIM1): All chunks are saved
[03:59:58] [Server thread/INFO]: ThreadedAnvilChunkStorage (DIM-1): All chunks are saved
[03:59:58] [Server thread/INFO]: ThreadedAnvilChunkStorage: All dimensions are saved
